# JRE version: OpenJDK Runtime Environment (21.0.8) (build 21.0.8+-14018985-b1038.68)
# Java VM: OpenJDK 64-Bit Server VM (21.0.8+-14018985-b1038.68, mixed mode, tiered, compressed oops, compressed class ptrs, g1 gc, windows-amd64)
GC Precious Log:
 CardTable entry size: 512
 Card Set container configuration: InlinePtr #cards 4 size 8 Array Of Cards #cards 16 size 48 Howl #buckets 8 coarsen threshold 3686 Howl Bitmap #cards 512 size 80 coarsen threshold 460 Card regions per heap region 1 cards per card region 4096
 CPUs: 8 total, 8 available
 Memory: 16190M
 Large Page Support: Disabled
 NUMA Support: Disabled
 Compressed Oops: Enabled (Zero based)
 Heap Region Size: 2M
 Heap Min Capacity: 8M
 Heap Initial Capacity: 254M
 Heap Max Capacity: 3G
 Pre-touch: Disabled
 Parallel Workers: 8
 Concurrent Workers: 2
 Concurrent Refinement Workers: 8
 Periodic GC: Disabled
Heap:
 garbage-first heap   total 405504K, used 289366K [0x0000000740000000, 0x0000000800000000)
  region size 2048K, 11 young (22528K), 8 survivors (16384K)
 Metaspace       used 141007K, committed 143168K, reserved 1179648K
  class space    used 20063K, committed 21120K, reserved 1048576K
GC Heap History (20 events):
Event: 24.191 GC heap before
{Heap before GC invocations=63 (full 0):
 garbage-first heap   total 337920K, used 308154K [0x0000000740000000, 0x0000000800000000)
  region size 2048K, 80 young (163840K), 4 survivors (8192K)
 Metaspace       used 135676K, committed 137728K, reserved 1179648K
  class space    used 19416K, committed 20416K, reserved 1048576K
}
Event: 24.199 GC heap after
{Heap after GC invocations=64 (full 0):
 garbage-first heap   total 337920K, used 151974K [0x0000000740000000, 0x0000000800000000)
  region size 2048K, 4 young (8192K), 4 survivors (8192K)
 Metaspace       used 135676K, committed 137728K, reserved 1179648K
  class space    used 19416K, committed 20416K, reserved 1048576K
}
Event: 24.734 GC heap before
{Heap before GC invocations=65 (full 0):
 garbage-first heap   total 337920K, used 307622K [0x0000000740000000, 0x0000000800000000)
  region size 2048K, 80 young (163840K), 4 survivors (8192K)
 Metaspace       used 135724K, committed 137792K, reserved 1179648K
  class space    used 19419K, committed 20416K, reserved 1048576K
}
Event: 24.741 GC heap after
{Heap after GC invocations=66 (full 0):
 garbage-first heap   total 337920K, used 152964K [0x0000000740000000, 0x0000000800000000)
  region size 2048K, 4 young (8192K), 4 survivors (8192K)
 Metaspace       used 135724K, committed 137792K, reserved 1179648K
  class space    used 19419K, committed 20416K, reserved 1048576K
}
Event: 25.097 GC heap before
{Heap before GC invocations=66 (full 0):
 garbage-first heap   total 337920K, used 308612K [0x0000000740000000, 0x0000000800000000)
  region size 2048K, 80 young (163840K), 4 survivors (8192K)
 Metaspace       used 135752K, committed 137856K, reserved 1179648K
  class space    used 19421K, committed 20416K, reserved 1048576K
}
Event: 25.111 GC heap after
{Heap after GC invocations=67 (full 0):
 garbage-first heap   total 337920K, used 153072K [0x0000000740000000, 0x0000000800000000)
  region size 2048K, 5 young (10240K), 5 survivors (10240K)
 Metaspace       used 135752K, committed 137856K, reserved 1179648K
  class space    used 19421K, committed 20416K, reserved 1048576K
}
Event: 25.451 GC heap before
{Heap before GC invocations=67 (full 0):
 garbage-first heap   total 337920K, used 306672K [0x0000000740000000, 0x0000000800000000)
  region size 2048K, 80 young (163840K), 5 survivors (10240K)
 Metaspace       used 135776K, committed 137856K, reserved 1179648K
  class space    used 19421K, committed 20416K, reserved 1048576K
}
Event: 25.462 GC heap after
{Heap after GC invocations=68 (full 0):
 garbage-first heap   total 405504K, used 152767K [0x0000000740000000, 0x0000000800000000)
  region size 2048K, 5 young (10240K), 5 survivors (10240K)
 Metaspace       used 135776K, committed 137856K, reserved 1179648K
  class space    used 19421K, committed 20416K, reserved 1048576K
}
Event: 26.072 GC heap before
{Heap before GC invocations=69 (full 0):
 garbage-first heap   total 405504K, used 369855K [0x0000000740000000, 0x0000000800000000)
  region size 2048K, 111 young (227328K), 5 survivors (10240K)
 Metaspace       used 135845K, committed 137920K, reserved 1179648K
  class space    used 19431K, committed 20416K, reserved 1048576K
}
Event: 26.083 GC heap after
{Heap after GC invocations=70 (full 0):
 garbage-first heap   total 405504K, used 153432K [0x0000000740000000, 0x0000000800000000)
  region size 2048K, 5 young (10240K), 5 survivors (10240K)
 Metaspace       used 135845K, committed 137920K, reserved 1179648K
  class space    used 19431K, committed 20416K, reserved 1048576K
}
Event: 26.666 GC heap before
{Heap before GC invocations=70 (full 0):
 garbage-first heap   total 405504K, used 370520K [0x0000000740000000, 0x0000000800000000)
  region size 2048K, 111 young (227328K), 5 survivors (10240K)
 Metaspace       used 136579K, committed 138624K, reserved 1179648K
  class space    used 19543K, committed 20544K, reserved 1048576K
}
Event: 26.680 GC heap after
{Heap after GC invocations=71 (full 0):
 garbage-first heap   total 405504K, used 155921K [0x0000000740000000, 0x0000000800000000)
  region size 2048K, 8 young (16384K), 8 survivors (16384K)
 Metaspace       used 136579K, committed 138624K, reserved 1179648K
  class space    used 19543K, committed 20544K, reserved 1048576K
}
Event: 27.440 GC heap before
{Heap before GC invocations=71 (full 0):
 garbage-first heap   total 405504K, used 362769K [0x0000000740000000, 0x0000000800000000)
  region size 2048K, 110 young (225280K), 8 survivors (16384K)
 Metaspace       used 136979K, committed 139008K, reserved 1179648K
  class space    used 19552K, committed 20544K, reserved 1048576K
}
Event: 27.456 GC heap after
{Heap after GC invocations=72 (full 0):
 garbage-first heap   total 405504K, used 161919K [0x0000000740000000, 0x0000000800000000)
  region size 2048K, 11 young (22528K), 11 survivors (22528K)
 Metaspace       used 136979K, committed 139008K, reserved 1179648K
  class space    used 19552K, committed 20544K, reserved 1048576K
}
Event: 28.557 GC heap before
{Heap before GC invocations=73 (full 0):
 garbage-first heap   total 405504K, used 356479K [0x0000000740000000, 0x0000000800000000)
  region size 2048K, 107 young (219136K), 11 survivors (22528K)
 Metaspace       used 137047K, committed 139136K, reserved 1179648K
  class space    used 19554K, committed 20544K, reserved 1048576K
}
Event: 28.567 GC heap after
{Heap after GC invocations=74 (full 0):
 garbage-first heap   total 405504K, used 151292K [0x0000000740000000, 0x0000000800000000)
  region size 2048K, 4 young (8192K), 4 survivors (8192K)
 Metaspace       used 137047K, committed 139136K, reserved 1179648K
  class space    used 19554K, committed 20544K, reserved 1048576K
}
Event: 30.187 GC heap before
{Heap before GC invocations=74 (full 0):
 garbage-first heap   total 405504K, used 370428K [0x0000000740000000, 0x0000000800000000)
  region size 2048K, 112 young (229376K), 4 survivors (8192K)
 Metaspace       used 137301K, committed 139392K, reserved 1179648K
  class space    used 19589K, committed 20608K, reserved 1048576K
}
Event: 30.200 GC heap after
{Heap after GC invocations=75 (full 0):
 garbage-first heap   total 405504K, used 150109K [0x0000000740000000, 0x0000000800000000)
  region size 2048K, 5 young (10240K), 5 survivors (10240K)
 Metaspace       used 137301K, committed 139392K, reserved 1179648K
  class space    used 19589K, committed 20608K, reserved 1048576K
}
Event: 31.665 GC heap before
{Heap before GC invocations=75 (full 0):
 garbage-first heap   total 405504K, used 346717K [0x0000000740000000, 0x0000000800000000)
  region size 2048K, 103 young (210944K), 5 survivors (10240K)
 Metaspace       used 140964K, committed 143168K, reserved 1179648K
  class space    used 20057K, committed 21120K, reserved 1048576K
}
Event: 31.677 GC heap after
{Heap after GC invocations=76 (full 0):
 garbage-first heap   total 405504K, used 156246K [0x0000000740000000, 0x0000000800000000)
  region size 2048K, 8 young (16384K), 8 survivors (16384K)
 Metaspace       used 140964K, committed 143168K, reserved 1179648K
  class space    used 20057K, committed 21120K, reserved 1048576K
}

