# JRE version: OpenJDK Runtime Environment (21.0.8) (build 21.0.8+-14018985-b1038.68)
# Java VM: OpenJDK 64-Bit Server VM (21.0.8+-14018985-b1038.68, mixed mode, tiered, compressed oops, compressed class ptrs, g1 gc, windows-amd64)
GC Precious Log:
 CardTable entry size: 512
 Card Set container configuration: InlinePtr #cards 5 size 8 Array Of Cards #cards 12 size 40 Howl #buckets 4 coarsen threshold 1843 Howl Bitmap #cards 512 size 80 coarsen threshold 460 Card regions per heap region 1 cards per card region 2048
 CPUs: 8 total, 8 available
 Memory: 16190M
 Large Page Support: Disabled
 NUMA Support: Disabled
 Compressed Oops: Enabled (32-bit)
 Heap Region Size: 1M
 Heap Min Capacity: 8M
 Heap Initial Capacity: 254M
 Heap Max Capacity: 2G
 Pre-touch: Disabled
 Parallel Workers: 8
 Concurrent Workers: 2
 Concurrent Refinement Workers: 8
 Periodic GC: Disabled
Heap:
 garbage-first heap   total 403456K, used 229016K [0x0000000080000000, 0x0000000100000000)
  region size 1024K, 8 young (8192K), 8 survivors (8192K)
 Metaspace       used 192060K, committed 194624K, reserved 1245184K
  class space    used 26395K, committed 27648K, reserved 1048576K
GC Heap History (20 events):
Event: 1339.527 GC heap after
{Heap after GC invocations=90 (full 0):
 garbage-first heap   total 391168K, used 250233K [0x0000000080000000, 0x0000000100000000)
  region size 1024K, 15 young (15360K), 15 survivors (15360K)
 Metaspace       used 172203K, committed 174656K, reserved 1245184K
  class space    used 23326K, committed 24512K, reserved 1048576K
}
Event: 1340.434 GC heap before
{Heap before GC invocations=90 (full 0):
 garbage-first heap   total 391168K, used 340345K [0x0000000080000000, 0x0000000100000000)
  region size 1024K, 104 young (106496K), 15 survivors (15360K)
 Metaspace       used 172247K, committed 174720K, reserved 1245184K
  class space    used 23326K, committed 24512K, reserved 1048576K
}
Event: 1340.456 GC heap after
{Heap after GC invocations=91 (full 0):
 garbage-first heap   total 391168K, used 238483K [0x0000000080000000, 0x0000000100000000)
  region size 1024K, 13 young (13312K), 13 survivors (13312K)
 Metaspace       used 172247K, committed 174720K, reserved 1245184K
  class space    used 23326K, committed 24512K, reserved 1048576K
}
Event: 1341.164 GC heap before
{Heap before GC invocations=91 (full 0):
 garbage-first heap   total 391168K, used 339859K [0x0000000080000000, 0x0000000100000000)
  region size 1024K, 113 young (115712K), 13 survivors (13312K)
 Metaspace       used 173964K, committed 176448K, reserved 1245184K
  class space    used 23576K, committed 24768K, reserved 1048576K
}
Event: 1341.171 GC heap after
{Heap after GC invocations=92 (full 0):
 garbage-first heap   total 391168K, used 242289K [0x0000000080000000, 0x0000000100000000)
  region size 1024K, 8 young (8192K), 8 survivors (8192K)
 Metaspace       used 173964K, committed 176448K, reserved 1245184K
  class space    used 23576K, committed 24768K, reserved 1048576K
}
Event: 1342.164 GC heap before
{Heap before GC invocations=93 (full 0):
 garbage-first heap   total 394240K, used 339569K [0x0000000080000000, 0x0000000100000000)
  region size 1024K, 110 young (112640K), 8 survivors (8192K)
 Metaspace       used 181055K, committed 183488K, reserved 1245184K
  class space    used 24746K, committed 25920K, reserved 1048576K
}
Event: 1342.179 GC heap after
{Heap after GC invocations=94 (full 0):
 garbage-first heap   total 394240K, used 246782K [0x0000000080000000, 0x0000000100000000)
  region size 1024K, 14 young (14336K), 14 survivors (14336K)
 Metaspace       used 181055K, committed 183488K, reserved 1245184K
  class space    used 24746K, committed 25920K, reserved 1048576K
}
Event: 1342.727 GC heap before
{Heap before GC invocations=94 (full 0):
 garbage-first heap   total 394240K, used 351230K [0x0000000080000000, 0x0000000100000000)
  region size 1024K, 117 young (119808K), 14 survivors (14336K)
 Metaspace       used 184561K, committed 187072K, reserved 1245184K
  class space    used 25343K, committed 26560K, reserved 1048576K
}
Event: 1342.765 GC heap after
{Heap after GC invocations=95 (full 0):
 garbage-first heap   total 394240K, used 243623K [0x0000000080000000, 0x0000000100000000)
  region size 1024K, 15 young (15360K), 15 survivors (15360K)
 Metaspace       used 184561K, committed 187072K, reserved 1245184K
  class space    used 25343K, committed 26560K, reserved 1048576K
}
Event: 1343.580 GC heap before
{Heap before GC invocations=95 (full 0):
 garbage-first heap   total 394240K, used 351143K [0x0000000080000000, 0x0000000100000000)
  region size 1024K, 121 young (123904K), 15 survivors (15360K)
 Metaspace       used 189824K, committed 192320K, reserved 1245184K
  class space    used 26160K, committed 27392K, reserved 1048576K
}
Event: 1343.601 GC heap after
{Heap after GC invocations=96 (full 0):
 garbage-first heap   total 394240K, used 251062K [0x0000000080000000, 0x0000000100000000)
  region size 1024K, 9 young (9216K), 9 survivors (9216K)
 Metaspace       used 189824K, committed 192320K, reserved 1245184K
  class space    used 26160K, committed 27392K, reserved 1048576K
}
Event: 1344.559 GC heap before
{Heap before GC invocations=97 (full 0):
 garbage-first heap   total 403456K, used 346294K [0x0000000080000000, 0x0000000100000000)
  region size 1024K, 113 young (115712K), 9 survivors (9216K)
 Metaspace       used 191422K, committed 193920K, reserved 1245184K
  class space    used 26331K, committed 27584K, reserved 1048576K
}
Event: 1344.573 GC heap after
{Heap after GC invocations=98 (full 0):
 garbage-first heap   total 403456K, used 241942K [0x0000000080000000, 0x0000000100000000)
  region size 1024K, 10 young (10240K), 10 survivors (10240K)
 Metaspace       used 191422K, committed 193920K, reserved 1245184K
  class space    used 26331K, committed 27584K, reserved 1048576K
}
Event: 1345.029 GC heap before
{Heap before GC invocations=98 (full 0):
 garbage-first heap   total 403456K, used 364822K [0x0000000080000000, 0x0000000100000000)
  region size 1024K, 130 young (133120K), 10 survivors (10240K)
 Metaspace       used 191573K, committed 194112K, reserved 1245184K
  class space    used 26361K, committed 27648K, reserved 1048576K
}
Event: 1345.044 GC heap after
{Heap after GC invocations=99 (full 0):
 garbage-first heap   total 403456K, used 228036K [0x0000000080000000, 0x0000000100000000)
  region size 1024K, 9 young (9216K), 9 survivors (9216K)
 Metaspace       used 191573K, committed 194112K, reserved 1245184K
  class space    used 26361K, committed 27648K, reserved 1048576K
}
Event: 1345.712 GC heap before
{Heap before GC invocations=99 (full 0):
 garbage-first heap   total 403456K, used 364228K [0x0000000080000000, 0x0000000100000000)
  region size 1024K, 143 young (146432K), 9 survivors (9216K)
 Metaspace       used 191746K, committed 194304K, reserved 1245184K
  class space    used 26385K, committed 27648K, reserved 1048576K
}
Event: 1345.726 GC heap after
{Heap after GC invocations=100 (full 0):
 garbage-first heap   total 403456K, used 229060K [0x0000000080000000, 0x0000000100000000)
  region size 1024K, 10 young (10240K), 10 survivors (10240K)
 Metaspace       used 191746K, committed 194304K, reserved 1245184K
  class space    used 26385K, committed 27648K, reserved 1048576K
}
Event: 1346.449 GC heap before
{Heap before GC invocations=101 (full 0):
 garbage-first heap   total 403456K, used 370372K [0x0000000080000000, 0x0000000100000000)
  region size 1024K, 149 young (152576K), 10 survivors (10240K)
 Metaspace       used 192001K, committed 194560K, reserved 1245184K
  class space    used 26394K, committed 27648K, reserved 1048576K
}
Event: 1346.464 GC heap after
{Heap after GC invocations=102 (full 0):
 garbage-first heap   total 403456K, used 230084K [0x0000000080000000, 0x0000000100000000)
  region size 1024K, 11 young (11264K), 11 survivors (11264K)
 Metaspace       used 192001K, committed 194560K, reserved 1245184K
  class space    used 26394K, committed 27648K, reserved 1048576K
}
Event: 1346.839 GC heap before
{Heap before GC invocations=102 (full 0):
 garbage-first heap   total 403456K, used 369348K [0x0000000080000000, 0x0000000100000000)
  region size 1024K, 148 young (151552K), 11 survivors (11264K)
 Metaspace       used 192060K, committed 194624K, reserved 1245184K
  class space    used 26395K, committed 27648K, reserved 1048576K
}

